# JRE version: OpenJDK Runtime Environment (8.0_242-b01) (build 1.8.0_242-release-1644-b01)
# Java VM: OpenJDK 64-Bit Server VM (25.242-b01 mixed mode windows-amd64 compressed oops)
Heap:
 PSYoungGen      total 99840K, used 39119K [0x00000000d5580000, 0x00000000dc400000, 0x0000000100000000)
  eden space 90112K, 32% used [0x00000000d5580000,0x00000000d7238c68,0x00000000dad80000)
  from space 9728K, 99% used [0x00000000db100000,0x00000000dba7b310,0x00000000dba80000)
  to   space 8192K, 0% used [0x00000000dbc00000,0x00000000dbc00000,0x00000000dc400000)
 ParOldGen       total 51712K, used 20702K [0x0000000080000000, 0x0000000083280000, 0x00000000d5580000)
  object space 51712K, 40% used [0x0000000080000000,0x0000000081437990,0x0000000083280000)
 Metaspace       used 51232K, capacity 52872K, committed 53040K, reserved 1095680K
  class space    used 6815K, capacity 7186K, committed 7216K, reserved 1048576K
GC Heap History (10 events):
Event: 64.709 GC heap before
{Heap before GC invocations=13 (full 1):
 PSYoungGen      total 61440K, used 58828K [0x00000000d5580000, 0x00000000dad00000, 0x0000000100000000)
  eden space 52736K, 100% used [0x00000000d5580000,0x00000000d8900000,0x00000000d8900000)
  from space 8704K, 69% used [0x00000000d8900000,0x00000000d8ef30d0,0x00000000d9180000)
  to   space 8704K, 0% used [0x00000000da480000,0x00000000da480000,0x00000000dad00000)
 ParOldGen       total 32768K, used 8712K [0x0000000080000000, 0x0000000082000000, 0x00000000d5580000)
  object space 32768K, 26% used [0x0000000080000000,0x0000000080882110,0x0000000082000000)
 Metaspace       used 33401K, capacity 34272K, committed 34608K, reserved 1079296K
  class space    used 4592K, capacity 4839K, committed 4912K, reserved 1048576K
Event: 64.736 GC heap after
Heap after GC invocations=13 (full 1):
 PSYoungGen      total 78848K, used 4229K [0x00000000d5580000, 0x00000000dab80000, 0x0000000100000000)
  eden space 71680K, 0% used [0x00000000d5580000,0x00000000d5580000,0x00000000d9b80000)
  from space 7168K, 59% used [0x00000000da480000,0x00000000da8a1750,0x00000000dab80000)
  to   space 8192K, 0% used [0x00000000d9b80000,0x00000000d9b80000,0x00000000da380000)
 ParOldGen       total 32768K, used 11564K [0x0000000080000000, 0x0000000082000000, 0x00000000d5580000)
  object space 32768K, 35% used [0x0000000080000000,0x0000000080b4b130,0x0000000082000000)
 Metaspace       used 33401K, capacity 34272K, committed 34608K, reserved 1079296K
  class space    used 4592K, capacity 4839K, committed 4912K, reserved 1048576K
}
Event: 66.243 GC heap before
{Heap before GC invocations=14 (full 1):
 PSYoungGen      total 78848K, used 24784K [0x00000000d5580000, 0x00000000dab80000, 0x0000000100000000)
  eden space 71680K, 28% used [0x00000000d5580000,0x00000000d6992c58,0x00000000d9b80000)
  from space 7168K, 59% used [0x00000000da480000,0x00000000da8a1750,0x00000000dab80000)
  to   space 8192K, 0% used [0x00000000d9b80000,0x00000000d9b80000,0x00000000da380000)
 ParOldGen       total 32768K, used 11564K [0x0000000080000000, 0x0000000082000000, 0x00000000d5580000)
  object space 32768K, 35% used [0x0000000080000000,0x0000000080b4b130,0x0000000082000000)
 Metaspace       used 34487K, capacity 35374K, committed 35496K, reserved 1079296K
  class space    used 4732K, capacity 4966K, committed 5040K, reserved 1048576K
Event: 66.251 GC heap after
Heap after GC invocations=14 (full 1):
 PSYoungGen      total 79872K, used 1470K [0x00000000d5580000, 0x00000000dc480000, 0x0000000100000000)
  eden space 71680K, 0% used [0x00000000d5580000,0x00000000d5580000,0x00000000d9b80000)
  from space 8192K, 17% used [0x00000000d9b80000,0x00000000d9cef980,0x00000000da380000)
  to   space 8704K, 0% used [0x00000000dbc00000,0x00000000dbc00000,0x00000000dc480000)
 ParOldGen       total 32768K, used 13916K [0x0000000080000000, 0x0000000082000000, 0x00000000d5580000)
  object space 32768K, 42% used [0x0000000080000000,0x0000000080d97160,0x0000000082000000)
 Metaspace       used 34487K, capacity 35374K, committed 35496K, reserved 1079296K
  class space    used 4732K, capacity 4966K, committed 5040K, reserved 1048576K
}
Event: 66.252 GC heap before
{Heap before GC invocations=15 (full 2):
 PSYoungGen      total 79872K, used 1470K [0x00000000d5580000, 0x00000000dc480000, 0x0000000100000000)
  eden space 71680K, 0% used [0x00000000d5580000,0x00000000d5580000,0x00000000d9b80000)
  from space 8192K, 17% used [0x00000000d9b80000,0x00000000d9cef980,0x00000000da380000)
  to   space 8704K, 0% used [0x00000000dbc00000,0x00000000dbc00000,0x00000000dc480000)
 ParOldGen       total 32768K, used 13916K [0x0000000080000000, 0x0000000082000000, 0x00000000d5580000)
  object space 32768K, 42% used [0x0000000080000000,0x0000000080d97160,0x0000000082000000)
 Metaspace       used 34487K, capacity 35374K, committed 35496K, reserved 1079296K
  class space    used 4732K, capacity 4966K, committed 5040K, reserved 1048576K
Event: 66.509 GC heap after
Heap after GC invocations=15 (full 2):
 PSYoungGen      total 79872K, used 0K [0x00000000d5580000, 0x00000000dc480000, 0x0000000100000000)
  eden space 71680K, 0% used [0x00000000d5580000,0x00000000d5580000,0x00000000d9b80000)
  from space 8192K, 0% used [0x00000000d9b80000,0x00000000d9b80000,0x00000000da380000)
  to   space 8704K, 0% used [0x00000000dbc00000,0x00000000dbc00000,0x00000000dc480000)
 ParOldGen       total 51712K, used 14821K [0x0000000080000000, 0x0000000083280000, 0x00000000d5580000)
  object space 51712K, 28% used [0x0000000080000000,0x0000000080e794f8,0x0000000083280000)
 Metaspace       used 34487K, capacity 35374K, committed 35496K, reserved 1079296K
  class space    used 4732K, capacity 4966K, committed 5040K, reserved 1048576K
}
Event: 100.081 GC heap before
{Heap before GC invocations=16 (full 2):
 PSYoungGen      total 79872K, used 71680K [0x00000000d5580000, 0x00000000dc480000, 0x0000000100000000)
  eden space 71680K, 100% used [0x00000000d5580000,0x00000000d9b80000,0x00000000d9b80000)
  from space 8192K, 0% used [0x00000000d9b80000,0x00000000d9b80000,0x00000000da380000)
  to   space 8704K, 0% used [0x00000000dbc00000,0x00000000dbc00000,0x00000000dc480000)
 ParOldGen       total 51712K, used 14821K [0x0000000080000000, 0x0000000083280000, 0x00000000d5580000)
  object space 51712K, 28% used [0x0000000080000000,0x0000000080e794f8,0x0000000083280000)
 Metaspace       used 40007K, capacity 41404K, committed 41776K, reserved 1085440K
  class space    used 5482K, capacity 5818K, committed 5936K, reserved 1048576K
Event: 100.109 GC heap after
Heap after GC invocations=16 (full 2):
 PSYoungGen      total 98304K, used 8053K [0x00000000d5580000, 0x00000000dc400000, 0x0000000100000000)
  eden space 90112K, 0% used [0x00000000d5580000,0x00000000d5580000,0x00000000dad80000)
  from space 8192K, 98% used [0x00000000dbc00000,0x00000000dc3dd750,0x00000000dc400000)
  to   space 9728K, 0% used [0x00000000db100000,0x00000000db100000,0x00000000dba80000)
 ParOldGen       total 51712K, used 14829K [0x0000000080000000, 0x0000000083280000, 0x00000000d5580000)
  object space 51712K, 28% used [0x0000000080000000,0x0000000080e7b4f8,0x0000000083280000)
 Metaspace       used 40007K, capacity 41404K, committed 41776K, reserved 1085440K
  class space    used 5482K, capacity 5818K, committed 5936K, reserved 1048576K
}
Event: 123.339 GC heap before
{Heap before GC invocations=17 (full 2):
 PSYoungGen      total 98304K, used 98165K [0x00000000d5580000, 0x00000000dc400000, 0x0000000100000000)
  eden space 90112K, 100% used [0x00000000d5580000,0x00000000dad80000,0x00000000dad80000)
  from space 8192K, 98% used [0x00000000dbc00000,0x00000000dc3dd750,0x00000000dc400000)
  to   space 9728K, 0% used [0x00000000db100000,0x00000000db100000,0x00000000dba80000)
 ParOldGen       total 51712K, used 14829K [0x0000000080000000, 0x0000000083280000, 0x00000000d5580000)
  object space 51712K, 28% used [0x0000000080000000,0x0000000080e7b4f8,0x0000000083280000)
 Metaspace       used 49150K, capacity 50724K, committed 50992K, reserved 1093632K
  class space    used 6560K, capacity 6932K, committed 6960K, reserved 1048576K
Event: 123.417 GC heap after
Heap after GC invocations=17 (full 2):
 PSYoungGen      total 99840K, used 9708K [0x00000000d5580000, 0x00000000dc400000, 0x0000000100000000)
  eden space 90112K, 0% used [0x00000000d5580000,0x00000000d5580000,0x00000000dad80000)
  from space 9728K, 99% used [0x00000000db100000,0x00000000dba7b310,0x00000000dba80000)
  to   space 8192K, 0% used [0x00000000dbc00000,0x00000000dbc00000,0x00000000dc400000)
 ParOldGen       total 51712K, used 20702K [0x0000000080000000, 0x0000000083280000, 0x00000000d5580000)
  object space 51712K, 40% used [0x0000000080000000,0x0000000081437990,0x0000000083280000)
 Metaspace       used 49150K, capacity 50724K, committed 50992K, reserved 1093632K
  class space    used 6560K, capacity 6932K, committed 6960K, reserved 1048576K
}

